<?xml version="1.0" encoding="UTF-8"?>
<!-- Generated by org.testng.reporters.JUnitReportReporter -->
<testsuite hostname="LAPTOP-JH27SOO3" failures="0" tests="14" name="testrunner" time="576.568" errors="0" timestamp="16 Oct 2022 06:48:36 GMT" skipped="0">
  <testcase classname="testrunner" name="runScenario" time="43.633"/>
  <testcase classname="testrunner" name="runScenario" time="37.882"/>
  <testcase classname="testrunner" name="runScenario" time="37.025"/>
  <testcase classname="testrunner" name="runScenario" time="37.053"/>
  <testcase classname="testrunner" name="runScenario" time="59.385"/>
  <testcase classname="testrunner" name="runScenario" time="37.145"/>
  <testcase classname="testrunner" name="runScenario" time="40.009"/>
  <testcase classname="testrunner" name="runScenario" time="37.146"/>
  <testcase classname="testrunner" name="runScenario" time="41.640"/>
  <testcase classname="testrunner" name="runScenario" time="41.477"/>
  <testcase classname="testrunner" name="runScenario" time="50.121"/>
  <testcase classname="testrunner" name="runScenario" time="37.020"/>
  <testcase classname="testrunner" name="runScenario" time="36.999"/>
  <testcase classname="testrunner" name="runScenario" time="40.033"/>
</testsuite> <!-- testrunner -->
